You have the following GPUs: 7
Starting job 262331 on belegost
Wed Sep 29 14:04:06 2021       
+-----------------------------------------------------------------------------+
| NVIDIA-SMI 440.100      Driver Version: 440.100      CUDA Version: 10.2     |
|-------------------------------+----------------------+----------------------+
| GPU  Name        Persistence-M| Bus-Id        Disp.A | Volatile Uncorr. ECC |
| Fan  Temp  Perf  Pwr:Usage/Cap|         Memory-Usage | GPU-Util  Compute M. |
|===============================+======================+======================|
|   0  GeForce RTX 208...  On   | 00000000:3F:00.0 Off |                  N/A |
| 28%   28C    P8    20W / 250W |      0MiB / 11019MiB |      0%      Default |
+-------------------------------+----------------------+----------------------+
                                                                               
+-----------------------------------------------------------------------------+
| Processes:                                                       GPU Memory |
|  GPU       PID   Type   Process name                             Usage      |
|=============================================================================|
|  No running processes found                                                 |
+-----------------------------------------------------------------------------+
          id  ... timestep
0       1131  ...  2018_01
1        896  ...  2018_01
2        607  ...  2018_01
3        539  ...  2018_01
4        769  ...  2018_01
...      ...  ...      ...
953426   199  ...  2020_01
953427   215  ...  2020_01
953428   225  ...  2020_01
953429   648  ...  2020_01
953430   625  ...  2020_01

[953431 rows x 4 columns]
          id  ... timestep
0          0  ...  2018_01
1          0  ...  2018_02
2          0  ...  2018_03
3          0  ...  2018_04
4          0  ...  2018_05
...      ...  ...      ...
663946  2359  ...  2019_05
663947  2359  ...  2019_06
663948  2359  ...  2019_07
663949  2359  ...  2019_08
663950  2359  ...  2019_09

[663951 rows x 4 columns]

1 / 10: AOI L15-0387E-1276N_1549_3087_13
Matching footprints
   1: F1 = 0.4383
   2: F1 = 0.4683
   3: F1 = 0.4701
   4: F1 = 0.4707
   5: F1 = 0.4689
   6: F1 = 0.4691
   7: F1 = 0.4685
   8: F1 = 0.4717
   9: F1 = 0.4746
  10: F1 = 0.4753
  11: F1 = 0.4654
  12: F1 = 0.4612
  13: F1 = 0.4744
  14: F1 = 0.4767
  15: F1 = 0.4762
  16: F1 = 0.4757
  17: F1 = 0.4762
  18: F1 = 0.4776
  19: F1 = 0.4777
  20: F1 = 0.4684
  21: F1 = 0.4654
  22: F1 = 0.4549
Identifying mismatches
Tracking:
    Mismatches: 4
      True Pos: 14069
     False Pos: 8749
     False Neg: 23016
   Track Score: 0.4697
Change Detection:
      True Pos: 165
     False Pos: 304
     False Neg: 342
  Change Score: 0.3381
Combined Score: 0.4358

2 / 10: AOI L15-0566E-1185N_2265_3451_13
Matching footprints
   1: F1 = 0.2899
   2: F1 = 0.2535
   3: F1 = 0.2500
   4: F1 = 0.2500
   5: F1 = 0.3000
   6: F1 = 0.3182
   7: F1 = 0.3191
   8: F1 = 0.3357
   9: F1 = 0.3576
  10: F1 = 0.5141
  11: F1 = 0.5437
  12: F1 = 0.5505
  13: F1 = 0.6418
  14: F1 = 0.6239
  15: F1 = 0.5871
  16: F1 = 0.5890
  17: F1 = 0.6477
  18: F1 = 0.6403
  19: F1 = 0.6407
  20: F1 = 0.6357
  21: F1 = 0.6316
Identifying mismatches
Tracking:
    Mismatches: 6
      True Pos: 2674
     False Pos: 1224
     False Neg: 2515
   Track Score: 0.5885
Change Detection:
      True Pos: 146
     False Pos: 278
     False Neg: 513
  Change Score: 0.2696
Combined Score: 0.4759

3 / 10: AOI L15-0632E-0892N_2528_4620_13
Matching footprints
   1: F1 = 0.4092
   2: F1 = 0.4096
   3: F1 = 0.4110
   4: F1 = 0.4115
   5: F1 = 0.4120
   6: F1 = 0.4118
   7: F1 = 0.4132
   8: F1 = 0.4145
   9: F1 = 0.4164
  10: F1 = 0.4167
  11: F1 = 0.4174
  12: F1 = 0.4176
  13: F1 = 0.4199
  14: F1 = 0.4224
  15: F1 = 0.4233
  16: F1 = 0.4245
  17: F1 = 0.4246
  18: F1 = 0.4250
  19: F1 = 0.4249
  20: F1 = 0.4255
  21: F1 = 0.4262
  22: F1 = 0.4258
  23: F1 = 0.4261
  24: F1 = 0.4264
  25: F1 = 0.4252
Identifying mismatches
Tracking:
    Mismatches: 1
      True Pos: 25567
     False Pos: 32542
     False Neg: 38273
   Track Score: 0.4193
Change Detection:
      True Pos: 36
     False Pos: 138
     False Neg: 97
  Change Score: 0.2345
Combined Score: 0.3622

4 / 10: AOI L15-1015E-1062N_4061_3941_13
Matching footprints
   1: F1 = 0.6131
   2: F1 = 0.6163
   3: F1 = 0.6181
   4: F1 = 0.6216
   5: F1 = 0.6138
   6: F1 = 0.6160
   7: F1 = 0.6277
   8: F1 = 0.6273
   9: F1 = 0.6182
  10: F1 = 0.6285
  11: F1 = 0.6295
  12: F1 = 0.6292
  13: F1 = 0.6279
  14: F1 = 0.6260
  15: F1 = 0.6278
  16: F1 = 0.6264
  17: F1 = 0.6262
  18: F1 = 0.6240
Identifying mismatches
Tracking:
    Mismatches: 7
      True Pos: 33805
     False Pos: 17817
     False Neg: 23025
   Track Score: 0.6234
Change Detection:
      True Pos: 177
     False Pos: 523
     False Neg: 501
  Change Score: 0.2569
Combined Score: 0.4850

5 / 10: AOI L15-1200E-0847N_4802_4803_13
Matching footprints
   1: F1 = 0.4702
   2: F1 = 0.4702
   3: F1 = 0.4707
   4: F1 = 0.4880
   5: F1 = 0.4713
   6: F1 = 0.4718
   7: F1 = 0.4720
   8: F1 = 0.4721
   9: F1 = 0.4723
  10: F1 = 0.4725
  11: F1 = 0.4726
  12: F1 = 0.4728
  13: F1 = 0.4731
  14: F1 = 0.4732
  15: F1 = 0.4735
  16: F1 = 0.4735
  17: F1 = 0.4740
  18: F1 = 0.4740
  19: F1 = 0.4748
  20: F1 = 0.4754
  21: F1 = 0.4754
  22: F1 = 0.4753
  23: F1 = 0.4760
  24: F1 = 0.4755
Identifying mismatches
Tracking:
    Mismatches: 6
      True Pos: 102772
     False Pos: 64842
     False Neg: 163542
   Track Score: 0.4737
Change Detection:
      True Pos: 36
     False Pos: 139
     False Neg: 154
  Change Score: 0.1973
Combined Score: 0.3700

6 / 10: AOI L15-1276E-1107N_5105_3761_13
Matching footprints
   1: F1 = 0.5159
   2: F1 = 0.5155
   3: F1 = 0.5151
   4: F1 = 0.5156
   5: F1 = 0.5162
   6: F1 = 0.5170
   7: F1 = 0.5180
   8: F1 = 0.5161
   9: F1 = 0.5170
  10: F1 = 0.5207
  11: F1 = 0.5219
  12: F1 = 0.5203
  13: F1 = 0.5194
  14: F1 = 0.5208
  15: F1 = 0.5181
  16: F1 = 0.5165
  17: F1 = 0.5166
  18: F1 = 0.5173
  19: F1 = 0.5161
  20: F1 = 0.5191
  21: F1 = 0.5184
  22: F1 = 0.5196
  23: F1 = 0.5206
  24: F1 = 0.5199
  25: F1 = 0.5173
Identifying mismatches
Tracking:
    Mismatches: 3
      True Pos: 31083
     False Pos: 15783
     False Neg: 42067
   Track Score: 0.5180
Change Detection:
      True Pos: 67
     False Pos: 473
     False Neg: 650
  Change Score: 0.1066
Combined Score: 0.2923

7 / 10: AOI L15-1438E-1134N_5753_3655_13
Matching footprints
   1: F1 = 0.4781
   2: F1 = 0.4787
   3: F1 = 0.4800
   4: F1 = 0.4800
   5: F1 = 0.4803
   6: F1 = 0.4558
   7: F1 = 0.4841
   8: F1 = 0.4809
   9: F1 = 0.4819
  10: F1 = 0.4820
  11: F1 = 0.4825
  12: F1 = 0.4824
  13: F1 = 0.4823
  14: F1 = 0.4823
  15: F1 = 0.4817
  16: F1 = 0.4819
  17: F1 = 0.4789
  18: F1 = 0.4618
  19: F1 = 0.4815
  20: F1 = 0.4814
  21: F1 = 0.4813
  22: F1 = 0.4812
Identifying mismatches
Tracking:
    Mismatches: 24
      True Pos: 120274
     False Pos: 73171
     False Neg: 187566
   Track Score: 0.4799
Change Detection:
      True Pos: 1
     False Pos: 209
     False Neg: 317
  Change Score: 0.0038
Combined Score: 0.0184

8 / 10: AOI L15-1615E-1206N_6460_3366_13
Matching footprints
   1: F1 = 0.5772
   2: F1 = 0.5779
   3: F1 = 0.5769
   4: F1 = 0.6088
   5: F1 = 0.5799
   6: F1 = 0.5842
   7: F1 = 0.5862
   8: F1 = 0.5987
   9: F1 = 0.6005
  10: F1 = 0.6122
  11: F1 = 0.6146
  12: F1 = 0.6157
  13: F1 = 0.6153
  14: F1 = 0.6063
  15: F1 = 0.6150
  16: F1 = 0.5836
  17: F1 = 0.6151
  18: F1 = 0.6168
  19: F1 = 0.6167
  20: F1 = 0.6179
  21: F1 = 0.6170
  22: F1 = 0.6160
  23: F1 = 0.6158
  24: F1 = 0.6193
  25: F1 = 0.6139
  26: F1 = 0.6035
Identifying mismatches
Tracking:
    Mismatches: 6
      True Pos: 46736
     False Pos: 25152
     False Neg: 36201
   Track Score: 0.6037
Change Detection:
      True Pos: 21
     False Pos: 193
     False Neg: 217
  Change Score: 0.0929
Combined Score: 0.2876

9 / 10: AOI L15-1690E-1211N_6763_3346_13
Matching footprints
   1: F1 = 0.6098
   2: F1 = 0.6096
   3: F1 = 0.6100
   4: F1 = 0.6113
   5: F1 = 0.6138
   6: F1 = 0.6137
   7: F1 = 0.6152
   8: F1 = 0.6158
   9: F1 = 0.6130
  10: F1 = 0.6138
  11: F1 = 0.6133
  12: F1 = 0.6147
  13: F1 = 0.6130
  14: F1 = 0.6083
  15: F1 = 0.5956
  16: F1 = 0.5771
  17: F1 = 0.5980
  18: F1 = 0.5986
  19: F1 = 0.5985
  20: F1 = 0.5957
  21: F1 = 0.5876
  22: F1 = 0.5863
  23: F1 = 0.5856
  24: F1 = 0.5782
Identifying mismatches
Tracking:
    Mismatches: 7
      True Pos: 26074
     False Pos: 12712
     False Neg: 21561
   Track Score: 0.6034
Change Detection:
      True Pos: 38
     False Pos: 152
     False Neg: 466
  Change Score: 0.1095
Combined Score: 0.3172

10 / 10: AOI L15-1848E-0793N_7394_5018_13
Matching footprints
   1: F1 = 0.5032
   2: F1 = 0.5095
   3: F1 = 0.4669
   4: F1 = 0.4721
   5: F1 = 0.4472
   6: F1 = 0.4757
   7: F1 = 0.4759
   8: F1 = 0.4748
   9: F1 = 0.7895
  10: F1 = 0.8302
  11: F1 = 0.4324
  12: F1 = 0.4356
  13: F1 = 0.4679
  14: F1 = 0.4676
Identifying mismatches
Tracking:
    Mismatches: 7
      True Pos: 5069
     False Pos: 3836
     False Neg: 7542
   Track Score: 0.4712
Change Detection:
      True Pos: 146
     False Pos: 286
     False Neg: 737
  Change Score: 0.2221
Combined Score: 0.3848
Overall score: 0.342933
